# JRE version: Java(TM) SE Runtime Environment (8.0_191-b12) (build 1.8.0_191-b12)
# Java VM: Java HotSpot(TM) Client VM (25.191-b12 mixed mode windows-x86 )
Heap:
 def new generation   total 61760K, used 40802K [0x04e00000, 0x09100000, 0x0f8a0000)
  eden space 54912K,  74% used [0x04e00000, 0x075d78c8, 0x083a0000)
  from space 6848K,   0% used [0x08a50000, 0x08a51060, 0x09100000)
  to   space 6848K,   0% used [0x083a0000, 0x083a0000, 0x08a50000)
 tenured generation   total 137064K, used 105190K [0x0f8a0000, 0x17e7a000, 0x24e00000)
   the space 137064K,  76% used [0x0f8a0000, 0x15f59958, 0x15f59a00, 0x17e7a000)
 Metaspace       used 22306K, capacity 22882K, committed 22912K, reserved 22912K
GC Heap History (10 events):
Event: 93233.464 GC heap before
{Heap before GC invocations=208 (full 3):
 def new generation   total 61760K, used 54914K [0x04e00000, 0x09100000, 0x0f8a0000)
  eden space 54912K, 100% used [0x04e00000, 0x083a0000, 0x083a0000)
  from space 6848K,   0% used [0x083a0000, 0x083a0b48, 0x08a50000)
  to   space 6848K,   0% used [0x08a50000, 0x08a50000, 0x09100000)
 tenured generation   total 137064K, used 105190K [0x0f8a0000, 0x17e7a000, 0x24e00000)
   the space 137064K,  76% used [0x0f8a0000, 0x15f59958, 0x15f59a00, 0x17e7a000)
 Metaspace       used 22306K, capacity 22882K, committed 22912K, reserved 22912K
Event: 93233.466 GC heap after
Heap after GC invocations=209 (full 3):
 def new generation   total 61760K, used 3K [0x04e00000, 0x09100000, 0x0f8a0000)
  eden space 54912K,   0% used [0x04e00000, 0x04e00000, 0x083a0000)
  from space 6848K,   0% used [0x08a50000, 0x08a50f38, 0x09100000)
  to   space 6848K,   0% used [0x083a0000, 0x083a0000, 0x08a50000)
 tenured generation   total 137064K, used 105190K [0x0f8a0000, 0x17e7a000, 0x24e00000)
   the space 137064K,  76% used [0x0f8a0000, 0x15f59958, 0x15f59a00, 0x17e7a000)
 Metaspace       used 22306K, capacity 22882K, committed 22912K, reserved 22912K
}
Event: 93433.136 GC heap before
{Heap before GC invocations=209 (full 3):
 def new generation   total 61760K, used 54915K [0x04e00000, 0x09100000, 0x0f8a0000)
  eden space 54912K, 100% used [0x04e00000, 0x083a0000, 0x083a0000)
  from space 6848K,   0% used [0x08a50000, 0x08a50f38, 0x09100000)
  to   space 6848K,   0% used [0x083a0000, 0x083a0000, 0x08a50000)
 tenured generation   total 137064K, used 105190K [0x0f8a0000, 0x17e7a000, 0x24e00000)
   the space 137064K,  76% used [0x0f8a0000, 0x15f59958, 0x15f59a00, 0x17e7a000)
 Metaspace       used 22306K, capacity 22882K, committed 22912K, reserved 22912K
Event: 93433.138 GC heap after
Heap after GC invocations=210 (full 3):
 def new generation   total 61760K, used 409K [0x04e00000, 0x09100000, 0x0f8a0000)
  eden space 54912K,   0% used [0x04e00000, 0x04e00000, 0x083a0000)
  from space 6848K,   5% used [0x083a0000, 0x084065a8, 0x08a50000)
  to   space 6848K,   0% used [0x08a50000, 0x08a50000, 0x09100000)
 tenured generation   total 137064K, used 105190K [0x0f8a0000, 0x17e7a000, 0x24e00000)
   the space 137064K,  76% used [0x0f8a0000, 0x15f59958, 0x15f59a00, 0x17e7a000)
 Metaspace       used 22306K, capacity 22882K, committed 22912K, reserved 22912K
}
Event: 93636.537 GC heap before
{Heap before GC invocations=210 (full 3):
 def new generation   total 61760K, used 55321K [0x04e00000, 0x09100000, 0x0f8a0000)
  eden space 54912K, 100% used [0x04e00000, 0x083a0000, 0x083a0000)
  from space 6848K,   5% used [0x083a0000, 0x084065a8, 0x08a50000)
  to   space 6848K,   0% used [0x08a50000, 0x08a50000, 0x09100000)
 tenured generation   total 137064K, used 105190K [0x0f8a0000, 0x17e7a000, 0x24e00000)
   the space 137064K,  76% used [0x0f8a0000, 0x15f59958, 0x15f59a00, 0x17e7a000)
 Metaspace       used 22306K, capacity 22882K, committed 22912K, reserved 22912K
Event: 93636.539 GC heap after
Heap after GC invocations=211 (full 3):
 def new generation   total 61760K, used 5K [0x04e00000, 0x09100000, 0x0f8a0000)
  eden space 54912K,   0% used [0x04e00000, 0x04e00000, 0x083a0000)
  from space 6848K,   0% used [0x08a50000, 0x08a516f0, 0x09100000)
  to   space 6848K,   0% used [0x083a0000, 0x083a0000, 0x08a50000)
 tenured generation   total 137064K, used 105190K [0x0f8a0000, 0x17e7a000, 0x24e00000)
   the space 137064K,  76% used [0x0f8a0000, 0x15f59958, 0x15f59a00, 0x17e7a000)
 Metaspace       used 22306K, capacity 22882K, committed 22912K, reserved 22912K
}
Event: 93840.023 GC heap before
{Heap before GC invocations=211 (full 3):
 def new generation   total 61760K, used 54917K [0x04e00000, 0x09100000, 0x0f8a0000)
  eden space 54912K, 100% used [0x04e00000, 0x083a0000, 0x083a0000)
  from space 6848K,   0% used [0x08a50000, 0x08a516f0, 0x09100000)
  to   space 6848K,   0% used [0x083a0000, 0x083a0000, 0x08a50000)
 tenured generation   total 137064K, used 105190K [0x0f8a0000, 0x17e7a000, 0x24e00000)
   the space 137064K,  76% used [0x0f8a0000, 0x15f59958, 0x15f59a00, 0x17e7a000)
 Metaspace       used 22306K, capacity 22882K, committed 22912K, reserved 22912K
Event: 93840.026 GC heap after
Heap after GC invocations=212 (full 3):
 def new generation   total 61760K, used 8K [0x04e00000, 0x09100000, 0x0f8a0000)
  eden space 54912K,   0% used [0x04e00000, 0x04e00000, 0x083a0000)
  from space 6848K,   0% used [0x083a0000, 0x083a2000, 0x08a50000)
  to   space 6848K,   0% used [0x08a50000, 0x08a50000, 0x09100000)
 tenured generation   total 137064K, used 105190K [0x0f8a0000, 0x17e7a000, 0x24e00000)
   the space 137064K,  76% used [0x0f8a0000, 0x15f59958, 0x15f59a00, 0x17e7a000)
 Metaspace       used 22306K, capacity 22882K, committed 22912K, reserved 22912K
}
Event: 94034.179 GC heap before
{Heap before GC invocations=212 (full 3):
 def new generation   total 61760K, used 54920K [0x04e00000, 0x09100000, 0x0f8a0000)
  eden space 54912K, 100% used [0x04e00000, 0x083a0000, 0x083a0000)
  from space 6848K,   0% used [0x083a0000, 0x083a2000, 0x08a50000)
  to   space 6848K,   0% used [0x08a50000, 0x08a50000, 0x09100000)
 tenured generation   total 137064K, used 105190K [0x0f8a0000, 0x17e7a000, 0x24e00000)
   the space 137064K,  76% used [0x0f8a0000, 0x15f59958, 0x15f59a00, 0x17e7a000)
 Metaspace       used 22306K, capacity 22882K, committed 22912K, reserved 22912K
Event: 94034.181 GC heap after
Heap after GC invocations=213 (full 3):
 def new generation   total 61760K, used 4K [0x04e00000, 0x09100000, 0x0f8a0000)
  eden space 54912K,   0% used [0x04e00000, 0x04e00000, 0x083a0000)
  from space 6848K,   0% used [0x08a50000, 0x08a51060, 0x09100000)
  to   space 6848K,   0% used [0x083a0000, 0x083a0000, 0x08a50000)
 tenured generation   total 137064K, used 105190K [0x0f8a0000, 0x17e7a000, 0x24e00000)
   the space 137064K,  76% used [0x0f8a0000, 0x15f59958, 0x15f59a00, 0x17e7a000)
 Metaspace       used 22306K, capacity 22882K, committed 22912K, reserved 22912K
}

